<?xml version='1.0'?>
<ns2:test-suite xmlns:ns2='urn:model.allure.qatools.yandex.ru' start='1559262650685' stop='1559262652598'>
    <name>warning General</name>
    <title>warning General</title>
    <test-cases>
        <test-case start='1559262650685' status='broken' stop='1559262652535'>
            <name>main div width</name>
            <title>main div width</title>
            <labels>
                <label name='language' value='javascript'/>
                <label name='framework' value='wdio'/>
                <label name='thread' value='0-0'/>
            </labels>
            <parameters>
                <parameter kind='argument' name='browser' value='chrome'/>
            </parameters>
            <steps>
                <step start='1559262650687' status='passed' stop='1559262652527'>
                    <name>POST /session/:sessionId/url</name>
                    <title>POST /session/:sessionId/url</title>
                    <attachments>
                        <attachment title='Request' source='a1491301-9ec6-4f41-921b-b79d66ed3e39-attachment.json' type='application/json' size='50'/>
                    </attachments>
                    <steps/>
                </step>
            </steps>
            <attachments/>
            <failure>
                <message>selector needs to be typeof `string` or `function`</message>
                <stack-trace>Error: selector needs to be typeof `string` or `function`
                    at Browser.findElement (C:\QA\Health-e-Arizona-plus\node_modules\webdriverio\build\utils.js:273:9)
                    at Browser.$ (C:\QA\Health-e-Arizona-plus\node_modules\webdriverio\build\commands\browser\$.js:55:40)
                    at Browser.runCommand (C:\QA\Health-e-Arizona-plus\node_modules\@wdio\sync\build\wrapCommand.js:37:32)
                    at Browser.runCommand (C:\QA\Health-e-Arizona-plus\node_modules\@wdio\sync\build\wrapCommand.js:31:24)
                    at Browser.&lt;anonymous> (C:\QA\Health-e-Arizona-plus\node_modules\@wdio\sync\build\wrapCommand.js:53:31)
                    at global.$.selector (C:\QA\Health-e-Arizona-plus\node_modules\@wdio\runner\build\index.js:219:36)
                    at Context.$ (C:\QA\Health-e-Arizona-plus\test\body/warning.js:12:26)
                    at Promise (C:\QA\Health-e-Arizona-plus\node_modules\@wdio\sync\build\index.js:57:22)
                    at Context.executeSync (C:\QA\Health-e-Arizona-plus\node_modules\@wdio\sync\build\index.js:55:10)
                    at C:\QA\Health-e-Arizona-plus\node_modules\@wdio\sync\build\index.js:201:70</stack-trace>
            </failure>
        </test-case>
        <test-case start='1559262652535' status='broken' stop='1559262652536'>
            <name>main div height</name>
            <title>main div height</title>
            <labels>
                <label name='language' value='javascript'/>
                <label name='framework' value='wdio'/>
                <label name='thread' value='0-0'/>
            </labels>
            <parameters>
                <parameter kind='argument' name='browser' value='chrome'/>
            </parameters>
            <steps/>
            <attachments/>
            <failure>
                <message>selector needs to be typeof `string` or `function`</message>
                <stack-trace>Error: selector needs to be typeof `string` or `function`
                    at Browser.findElement (C:\QA\Health-e-Arizona-plus\node_modules\webdriverio\build\utils.js:273:9)
                    at Browser.$ (C:\QA\Health-e-Arizona-plus\node_modules\webdriverio\build\commands\browser\$.js:55:40)
                    at Browser.runCommand (C:\QA\Health-e-Arizona-plus\node_modules\@wdio\sync\build\wrapCommand.js:37:32)
                    at Browser.runCommand (C:\QA\Health-e-Arizona-plus\node_modules\@wdio\sync\build\wrapCommand.js:31:24)
                    at Browser.&lt;anonymous> (C:\QA\Health-e-Arizona-plus\node_modules\@wdio\sync\build\wrapCommand.js:53:31)
                    at global.$.selector (C:\QA\Health-e-Arizona-plus\node_modules\@wdio\runner\build\index.js:219:36)
                    at Context.$ (C:\QA\Health-e-Arizona-plus\test\body/warning.js:16:26)
                    at Promise (C:\QA\Health-e-Arizona-plus\node_modules\@wdio\sync\build\index.js:57:22)
                    at Context.executeSync (C:\QA\Health-e-Arizona-plus\node_modules\@wdio\sync\build\index.js:55:10)
                    at C:\QA\Health-e-Arizona-plus\node_modules\@wdio\sync\build\index.js:201:70</stack-trace>
            </failure>
        </test-case>
        <test-case start='1559262652536' status='failed' stop='1559262652577'>
            <name>margin</name>
            <title>margin</title>
            <labels>
                <label name='language' value='javascript'/>
                <label name='framework' value='wdio'/>
                <label name='thread' value='0-0'/>
            </labels>
            <parameters>
                <parameter kind='argument' name='browser' value='chrome'/>
            </parameters>
            <steps>
                <step start='1559262652537' status='passed' stop='1559262652546'>
                    <name>POST /session/:sessionId/element</name>
                    <title>POST /session/:sessionId/element</title>
                    <attachments>
                        <attachment title='Request' source='564f725e-a9ae-4bd0-8f36-a2d6d5e83bd1-attachment.json' type='application/json' size='64'/>
                        <attachment title='Response' source='095a5e9a-d309-4962-8ac6-1cc5590f513f-attachment.json' type='application/json' size='39'/>
                    </attachments>
                    <steps/>
                </step>
                <step start='1559262652568' status='passed' stop='1559262652575'>
                    <name>GET /session/:sessionId/element/0.7953481624589551-1/css/margin</name>
                    <title>GET /session/:sessionId/element/0.7953481624589551-1/css/margin</title>
                    <attachments>
                        <attachment title='Response' source='444b42d1-e2a4-46c7-8f95-2cfef2f5483c-attachment.json' type='application/json' size='14'/>
                    </attachments>
                    <steps/>
                </step>
            </steps>
            <attachments/>
            <failure>
                <message>'0px 0px 20px' == '20px 0px'</message>
                <stack-trace>AssertionError [ERR_ASSERTION]: '0px 0px 20px' == '20px 0px'
                    at Context.equal (C:\QA\Health-e-Arizona-plus\test\body/warning.js:20:20)
                    at Promise (C:\QA\Health-e-Arizona-plus\node_modules\@wdio\sync\build\index.js:57:22)
                    at Context.executeSync (C:\QA\Health-e-Arizona-plus\node_modules\@wdio\sync\build\index.js:55:10)
                    at C:\QA\Health-e-Arizona-plus\node_modules\@wdio\sync\build\index.js:201:70</stack-trace>
            </failure>
        </test-case>
        <test-case start='1559262652577' status='passed' stop='1559262652598'>
            <name>cells width</name>
            <title>cells width</title>
            <labels>
                <label name='language' value='javascript'/>
                <label name='framework' value='wdio'/>
                <label name='thread' value='0-0'/>
            </labels>
            <parameters>
                <parameter kind='argument' name='browser' value='chrome'/>
            </parameters>
            <steps>
                <step start='1559262652577' status='passed' stop='1559262652586'>
                    <name>POST /session/:sessionId/elements</name>
                    <title>POST /session/:sessionId/elements</title>
                    <attachments>
                        <attachment title='Request' source='9b3c081c-157a-4c06-9070-f4b832a80eef-attachment.json' type='application/json' size='74'/>
                        <attachment title='Response' source='c54e2d33-c9c4-4e52-8091-b852819b48a0-attachment.json' type='application/json' size='190'/>
                    </attachments>
                    <steps/>
                </step>
                <step start='1559262652590' status='passed' stop='1559262652597'>
                    <name>GET /session/:sessionId/element/0.7953481624589551-2/css/width</name>
                    <title>GET /session/:sessionId/element/0.7953481624589551-2/css/width</title>
                    <attachments>
                        <attachment title='Response' source='672ae8ac-e239-4160-815a-e003aa285517-attachment.json' type='application/json' size='11'/>
                    </attachments>
                    <steps/>
                </step>
            </steps>
            <attachments/>
        </test-case>
    </test-cases>
</ns2:test-suite>