<?xml version='1.0'?>
<ns2:test-suite xmlns:ns2='urn:model.allure.qatools.yandex.ru' start='1559262674368' stop='1559262676280'>
    <name>warning General</name>
    <title>warning General</title>
    <test-cases>
        <test-case start='1559262674368' status='broken' stop='1559262676238'>
            <name>main div width</name>
            <title>main div width</title>
            <labels>
                <label name='language' value='javascript'/>
                <label name='framework' value='wdio'/>
                <label name='thread' value='0-0'/>
            </labels>
            <parameters>
                <parameter kind='argument' name='browser' value='chrome'/>
            </parameters>
            <steps>
                <step start='1559262674371' status='passed' stop='1559262676231'>
                    <name>POST /session/:sessionId/url</name>
                    <title>POST /session/:sessionId/url</title>
                    <attachments>
                        <attachment title='Request' source='02c9fa1c-df82-4ca3-85eb-43b653d21a51-attachment.json' type='application/json' size='50'/>
                    </attachments>
                    <steps/>
                </step>
            </steps>
            <attachments/>
            <failure>
                <message>selector needs to be typeof `string` or `function`</message>
                <stack-trace>Error: selector needs to be typeof `string` or `function`
                    at Browser.findElement (C:\QA\Health-e-Arizona-plus\node_modules\webdriverio\build\utils.js:273:9)
                    at Browser.$ (C:\QA\Health-e-Arizona-plus\node_modules\webdriverio\build\commands\browser\$.js:55:40)
                    at Browser.runCommand (C:\QA\Health-e-Arizona-plus\node_modules\@wdio\sync\build\wrapCommand.js:37:32)
                    at Browser.runCommand (C:\QA\Health-e-Arizona-plus\node_modules\@wdio\sync\build\wrapCommand.js:31:24)
                    at Browser.&lt;anonymous> (C:\QA\Health-e-Arizona-plus\node_modules\@wdio\sync\build\wrapCommand.js:53:31)
                    at global.$.selector (C:\QA\Health-e-Arizona-plus\node_modules\@wdio\runner\build\index.js:219:36)
                    at Context.$ (C:\QA\Health-e-Arizona-plus\test\body/warning.js:12:26)
                    at Promise (C:\QA\Health-e-Arizona-plus\node_modules\@wdio\sync\build\index.js:57:22)
                    at Context.executeSync (C:\QA\Health-e-Arizona-plus\node_modules\@wdio\sync\build\index.js:55:10)
                    at C:\QA\Health-e-Arizona-plus\node_modules\@wdio\sync\build\index.js:201:70</stack-trace>
            </failure>
        </test-case>
        <test-case start='1559262676238' status='broken' stop='1559262676239'>
            <name>main div height</name>
            <title>main div height</title>
            <labels>
                <label name='language' value='javascript'/>
                <label name='framework' value='wdio'/>
                <label name='thread' value='0-0'/>
            </labels>
            <parameters>
                <parameter kind='argument' name='browser' value='chrome'/>
            </parameters>
            <steps/>
            <attachments/>
            <failure>
                <message>selector needs to be typeof `string` or `function`</message>
                <stack-trace>Error: selector needs to be typeof `string` or `function`
                    at Browser.findElement (C:\QA\Health-e-Arizona-plus\node_modules\webdriverio\build\utils.js:273:9)
                    at Browser.$ (C:\QA\Health-e-Arizona-plus\node_modules\webdriverio\build\commands\browser\$.js:55:40)
                    at Browser.runCommand (C:\QA\Health-e-Arizona-plus\node_modules\@wdio\sync\build\wrapCommand.js:37:32)
                    at Browser.runCommand (C:\QA\Health-e-Arizona-plus\node_modules\@wdio\sync\build\wrapCommand.js:31:24)
                    at Browser.&lt;anonymous> (C:\QA\Health-e-Arizona-plus\node_modules\@wdio\sync\build\wrapCommand.js:53:31)
                    at global.$.selector (C:\QA\Health-e-Arizona-plus\node_modules\@wdio\runner\build\index.js:219:36)
                    at Context.$ (C:\QA\Health-e-Arizona-plus\test\body/warning.js:16:26)
                    at Promise (C:\QA\Health-e-Arizona-plus\node_modules\@wdio\sync\build\index.js:57:22)
                    at Context.executeSync (C:\QA\Health-e-Arizona-plus\node_modules\@wdio\sync\build\index.js:55:10)
                    at C:\QA\Health-e-Arizona-plus\node_modules\@wdio\sync\build\index.js:201:70</stack-trace>
            </failure>
        </test-case>
        <test-case start='1559262676239' status='passed' stop='1559262676280'>
            <name>margin</name>
            <title>margin</title>
            <labels>
                <label name='language' value='javascript'/>
                <label name='framework' value='wdio'/>
                <label name='thread' value='0-0'/>
            </labels>
            <parameters>
                <parameter kind='argument' name='browser' value='chrome'/>
            </parameters>
            <steps>
                <step start='1559262676240' status='passed' stop='1559262676250'>
                    <name>POST /session/:sessionId/element</name>
                    <title>POST /session/:sessionId/element</title>
                    <attachments>
                        <attachment title='Request' source='3b61cf9e-06ee-43b8-ae0f-34f020344408-attachment.json' type='application/json' size='64'/>
                        <attachment title='Response' source='38f865f6-39b4-44ce-9e8e-ad8f8e8e25f5-attachment.json' type='application/json' size='39'/>
                    </attachments>
                    <steps/>
                </step>
                <step start='1559262676272' status='passed' stop='1559262676279'>
                    <name>GET /session/:sessionId/element/0.5413129081232539-1/css/margin</name>
                    <title>GET /session/:sessionId/element/0.5413129081232539-1/css/margin</title>
                    <attachments>
                        <attachment title='Response' source='99df1c7d-0cd5-4f7d-aad2-b4f6e75f17cc-attachment.json' type='application/json' size='14'/>
                    </attachments>
                    <steps/>
                </step>
            </steps>
            <attachments/>
        </test-case>
    </test-cases>
</ns2:test-suite>