<?xml version='1.0'?>
<ns2:test-suite xmlns:ns2='urn:model.allure.qatools.yandex.ru' start='1559265872398' stop='1559265872516'>
    <name>announcement Link</name>
    <title>announcement Link</title>
    <test-cases>
        <test-case start='1559265872398' status='broken' stop='1559265872429'>
            <name>color</name>
            <title>color</title>
            <labels>
                <label name='language' value='javascript'/>
                <label name='framework' value='wdio'/>
                <label name='thread' value='0-0'/>
            </labels>
            <parameters>
                <parameter kind='argument' name='browser' value='chrome'/>
            </parameters>
            <steps>
                <step start='1559265872398' status='broken' stop='1559265872429'>
                    <name>POST /session/:sessionId/element</name>
                    <title>POST /session/:sessionId/element</title>
                    <attachments>
                        <attachment title='Request' source='464a1804-f7a1-4698-b18d-dd8e9872636b-attachment.json' type='application/json' size='59'/>
                    </attachments>
                    <steps/>
                </step>
            </steps>
            <attachments/>
            <failure>
                <message>invalid selector: An invalid or illegal selector was specified
                  (Session info: chrome=74.0.3729.169)
                  (Driver info: chromedriver=2.43.600210 (68dcf5eebde37173d4027fa8635e332711d2874a),platform=Windows NT 10.0.17763 x86_64)</message>
                <stack-trace>Error: invalid selector: An invalid or illegal selector was specified
                  (Session info: chrome=74.0.3729.169)
                  (Driver info: chromedriver=2.43.600210 (68dcf5eebde37173d4027fa8635e332711d2874a),platform=Windows NT 10.0.17763 x86_64)
                    at getErrorFromResponseBody (C:\QA\Health-e-Arizona-plus\node_modules\webdriver\build\utils.js:349:10)
                    at Request._callback (C:\QA\Health-e-Arizona-plus\node_modules\webdriver\build\request.js:121:64)
                    at Request.self.callback (C:\QA\Health-e-Arizona-plus\node_modules\request\request.js:185:22)
                    at Request.&lt;anonymous> (C:\QA\Health-e-Arizona-plus\node_modules\request\request.js:1161:10)
                    at IncomingMessage.&lt;anonymous> (C:\QA\Health-e-Arizona-plus\node_modules\request\request.js:1083:12)
                    at Browser.runCommand (C:\QA\Health-e-Arizona-plus\node_modules\@wdio\sync\build\wrapCommand.js:31:24)
                    at Browser.&lt;anonymous> (C:\QA\Health-e-Arizona-plus\node_modules\@wdio\sync\build\wrapCommand.js:53:31)
                    at Browser.findElement (C:\QA\Health-e-Arizona-plus\node_modules\webdriverio\build\utils.js:259:94)
                    at Browser.$ (C:\QA\Health-e-Arizona-plus\node_modules\webdriverio\build\commands\browser\$.js:55:40)
                    at Browser.runCommand (C:\QA\Health-e-Arizona-plus\node_modules\@wdio\sync\build\wrapCommand.js:37:32)
                    at global.$.selector (C:\QA\Health-e-Arizona-plus\node_modules\@wdio\runner\build\index.js:219:36)
                    at Context.$ (C:\QA\Health-e-Arizona-plus\test\body/announcement.js:92:26)
                    at Promise (C:\QA\Health-e-Arizona-plus\node_modules\@wdio\sync\build\index.js:57:22)
                    at Context.executeSync (C:\QA\Health-e-Arizona-plus\node_modules\@wdio\sync\build\index.js:55:10)
                    at C:\QA\Health-e-Arizona-plus\node_modules\@wdio\sync\build\index.js:201:70</stack-trace>
            </failure>
        </test-case>
        <test-case start='1559265872429' status='broken' stop='1559265872450'>
            <name>font-family</name>
            <title>font-family</title>
            <labels>
                <label name='language' value='javascript'/>
                <label name='framework' value='wdio'/>
                <label name='thread' value='0-0'/>
            </labels>
            <parameters>
                <parameter kind='argument' name='browser' value='chrome'/>
            </parameters>
            <steps>
                <step start='1559265872429' status='broken' stop='1559265872450'>
                    <name>POST /session/:sessionId/element</name>
                    <title>POST /session/:sessionId/element</title>
                    <attachments>
                        <attachment title='Request' source='171097df-4774-4ed2-bc0c-d4432e82e0b8-attachment.json' type='application/json' size='59'/>
                    </attachments>
                    <steps/>
                </step>
            </steps>
            <attachments/>
            <failure>
                <message>invalid selector: An invalid or illegal selector was specified
                  (Session info: chrome=74.0.3729.169)
                  (Driver info: chromedriver=2.43.600210 (68dcf5eebde37173d4027fa8635e332711d2874a),platform=Windows NT 10.0.17763 x86_64)</message>
                <stack-trace>Error: invalid selector: An invalid or illegal selector was specified
                  (Session info: chrome=74.0.3729.169)
                  (Driver info: chromedriver=2.43.600210 (68dcf5eebde37173d4027fa8635e332711d2874a),platform=Windows NT 10.0.17763 x86_64)
                    at getErrorFromResponseBody (C:\QA\Health-e-Arizona-plus\node_modules\webdriver\build\utils.js:349:10)
                    at Request._callback (C:\QA\Health-e-Arizona-plus\node_modules\webdriver\build\request.js:121:64)
                    at Request.self.callback (C:\QA\Health-e-Arizona-plus\node_modules\request\request.js:185:22)
                    at Request.&lt;anonymous> (C:\QA\Health-e-Arizona-plus\node_modules\request\request.js:1161:10)
                    at IncomingMessage.&lt;anonymous> (C:\QA\Health-e-Arizona-plus\node_modules\request\request.js:1083:12)
                    at Browser.runCommand (C:\QA\Health-e-Arizona-plus\node_modules\@wdio\sync\build\wrapCommand.js:31:24)
                    at Browser.&lt;anonymous> (C:\QA\Health-e-Arizona-plus\node_modules\@wdio\sync\build\wrapCommand.js:53:31)
                    at Browser.findElement (C:\QA\Health-e-Arizona-plus\node_modules\webdriverio\build\utils.js:259:94)
                    at Browser.$ (C:\QA\Health-e-Arizona-plus\node_modules\webdriverio\build\commands\browser\$.js:55:40)
                    at Browser.runCommand (C:\QA\Health-e-Arizona-plus\node_modules\@wdio\sync\build\wrapCommand.js:37:32)
                    at global.$.selector (C:\QA\Health-e-Arizona-plus\node_modules\@wdio\runner\build\index.js:219:36)
                    at Context.$ (C:\QA\Health-e-Arizona-plus\test\body/announcement.js:96:26)
                    at Promise (C:\QA\Health-e-Arizona-plus\node_modules\@wdio\sync\build\index.js:57:22)
                    at Context.executeSync (C:\QA\Health-e-Arizona-plus\node_modules\@wdio\sync\build\index.js:55:10)
                    at C:\QA\Health-e-Arizona-plus\node_modules\@wdio\sync\build\index.js:201:70</stack-trace>
            </failure>
        </test-case>
        <test-case start='1559265872451' status='broken' stop='1559265872472'>
            <name>font-size</name>
            <title>font-size</title>
            <labels>
                <label name='language' value='javascript'/>
                <label name='framework' value='wdio'/>
                <label name='thread' value='0-0'/>
            </labels>
            <parameters>
                <parameter kind='argument' name='browser' value='chrome'/>
            </parameters>
            <steps>
                <step start='1559265872451' status='broken' stop='1559265872472'>
                    <name>POST /session/:sessionId/element</name>
                    <title>POST /session/:sessionId/element</title>
                    <attachments>
                        <attachment title='Request' source='8d847c9d-b574-4186-aea3-0c003cb52463-attachment.json' type='application/json' size='59'/>
                    </attachments>
                    <steps/>
                </step>
            </steps>
            <attachments/>
            <failure>
                <message>invalid selector: An invalid or illegal selector was specified
                  (Session info: chrome=74.0.3729.169)
                  (Driver info: chromedriver=2.43.600210 (68dcf5eebde37173d4027fa8635e332711d2874a),platform=Windows NT 10.0.17763 x86_64)</message>
                <stack-trace>Error: invalid selector: An invalid or illegal selector was specified
                  (Session info: chrome=74.0.3729.169)
                  (Driver info: chromedriver=2.43.600210 (68dcf5eebde37173d4027fa8635e332711d2874a),platform=Windows NT 10.0.17763 x86_64)
                    at getErrorFromResponseBody (C:\QA\Health-e-Arizona-plus\node_modules\webdriver\build\utils.js:349:10)
                    at Request._callback (C:\QA\Health-e-Arizona-plus\node_modules\webdriver\build\request.js:121:64)
                    at Request.self.callback (C:\QA\Health-e-Arizona-plus\node_modules\request\request.js:185:22)
                    at Request.&lt;anonymous> (C:\QA\Health-e-Arizona-plus\node_modules\request\request.js:1161:10)
                    at IncomingMessage.&lt;anonymous> (C:\QA\Health-e-Arizona-plus\node_modules\request\request.js:1083:12)
                    at Browser.runCommand (C:\QA\Health-e-Arizona-plus\node_modules\@wdio\sync\build\wrapCommand.js:31:24)
                    at Browser.&lt;anonymous> (C:\QA\Health-e-Arizona-plus\node_modules\@wdio\sync\build\wrapCommand.js:53:31)
                    at Browser.findElement (C:\QA\Health-e-Arizona-plus\node_modules\webdriverio\build\utils.js:259:94)
                    at Browser.$ (C:\QA\Health-e-Arizona-plus\node_modules\webdriverio\build\commands\browser\$.js:55:40)
                    at Browser.runCommand (C:\QA\Health-e-Arizona-plus\node_modules\@wdio\sync\build\wrapCommand.js:37:32)
                    at global.$.selector (C:\QA\Health-e-Arizona-plus\node_modules\@wdio\runner\build\index.js:219:36)
                    at Context.$ (C:\QA\Health-e-Arizona-plus\test\body/announcement.js:100:26)
                    at Promise (C:\QA\Health-e-Arizona-plus\node_modules\@wdio\sync\build\index.js:57:22)
                    at Context.executeSync (C:\QA\Health-e-Arizona-plus\node_modules\@wdio\sync\build\index.js:55:10)
                    at C:\QA\Health-e-Arizona-plus\node_modules\@wdio\sync\build\index.js:201:70</stack-trace>
            </failure>
        </test-case>
        <test-case start='1559265872472' status='broken' stop='1559265872494'>
            <name>font-weight</name>
            <title>font-weight</title>
            <labels>
                <label name='language' value='javascript'/>
                <label name='framework' value='wdio'/>
                <label name='thread' value='0-0'/>
            </labels>
            <parameters>
                <parameter kind='argument' name='browser' value='chrome'/>
            </parameters>
            <steps>
                <step start='1559265872473' status='broken' stop='1559265872494'>
                    <name>POST /session/:sessionId/element</name>
                    <title>POST /session/:sessionId/element</title>
                    <attachments>
                        <attachment title='Request' source='a689bd98-98e5-4a96-8031-95fdc898bc96-attachment.json' type='application/json' size='59'/>
                    </attachments>
                    <steps/>
                </step>
            </steps>
            <attachments/>
            <failure>
                <message>invalid selector: An invalid or illegal selector was specified
                  (Session info: chrome=74.0.3729.169)
                  (Driver info: chromedriver=2.43.600210 (68dcf5eebde37173d4027fa8635e332711d2874a),platform=Windows NT 10.0.17763 x86_64)</message>
                <stack-trace>Error: invalid selector: An invalid or illegal selector was specified
                  (Session info: chrome=74.0.3729.169)
                  (Driver info: chromedriver=2.43.600210 (68dcf5eebde37173d4027fa8635e332711d2874a),platform=Windows NT 10.0.17763 x86_64)
                    at getErrorFromResponseBody (C:\QA\Health-e-Arizona-plus\node_modules\webdriver\build\utils.js:349:10)
                    at Request._callback (C:\QA\Health-e-Arizona-plus\node_modules\webdriver\build\request.js:121:64)
                    at Request.self.callback (C:\QA\Health-e-Arizona-plus\node_modules\request\request.js:185:22)
                    at Request.&lt;anonymous> (C:\QA\Health-e-Arizona-plus\node_modules\request\request.js:1161:10)
                    at IncomingMessage.&lt;anonymous> (C:\QA\Health-e-Arizona-plus\node_modules\request\request.js:1083:12)
                    at Browser.runCommand (C:\QA\Health-e-Arizona-plus\node_modules\@wdio\sync\build\wrapCommand.js:31:24)
                    at Browser.&lt;anonymous> (C:\QA\Health-e-Arizona-plus\node_modules\@wdio\sync\build\wrapCommand.js:53:31)
                    at Browser.findElement (C:\QA\Health-e-Arizona-plus\node_modules\webdriverio\build\utils.js:259:94)
                    at Browser.$ (C:\QA\Health-e-Arizona-plus\node_modules\webdriverio\build\commands\browser\$.js:55:40)
                    at Browser.runCommand (C:\QA\Health-e-Arizona-plus\node_modules\@wdio\sync\build\wrapCommand.js:37:32)
                    at global.$.selector (C:\QA\Health-e-Arizona-plus\node_modules\@wdio\runner\build\index.js:219:36)
                    at Context.$ (C:\QA\Health-e-Arizona-plus\test\body/announcement.js:104:26)
                    at Promise (C:\QA\Health-e-Arizona-plus\node_modules\@wdio\sync\build\index.js:57:22)
                    at Context.executeSync (C:\QA\Health-e-Arizona-plus\node_modules\@wdio\sync\build\index.js:55:10)
                    at C:\QA\Health-e-Arizona-plus\node_modules\@wdio\sync\build\index.js:201:70</stack-trace>
            </failure>
        </test-case>
        <test-case start='1559265872494' status='broken' stop='1559265872516'>
            <name>link url</name>
            <title>link url</title>
            <labels>
                <label name='language' value='javascript'/>
                <label name='framework' value='wdio'/>
                <label name='thread' value='0-0'/>
            </labels>
            <parameters>
                <parameter kind='argument' name='browser' value='chrome'/>
            </parameters>
            <steps>
                <step start='1559265872494' status='broken' stop='1559265872516'>
                    <name>POST /session/:sessionId/element</name>
                    <title>POST /session/:sessionId/element</title>
                    <attachments>
                        <attachment title='Request' source='12c85c78-4ea4-4334-938f-3f5256d8b971-attachment.json' type='application/json' size='59'/>
                    </attachments>
                    <steps/>
                </step>
            </steps>
            <attachments/>
            <failure>
                <message>invalid selector: An invalid or illegal selector was specified
                  (Session info: chrome=74.0.3729.169)
                  (Driver info: chromedriver=2.43.600210 (68dcf5eebde37173d4027fa8635e332711d2874a),platform=Windows NT 10.0.17763 x86_64)</message>
                <stack-trace>Error: invalid selector: An invalid or illegal selector was specified
                  (Session info: chrome=74.0.3729.169)
                  (Driver info: chromedriver=2.43.600210 (68dcf5eebde37173d4027fa8635e332711d2874a),platform=Windows NT 10.0.17763 x86_64)
                    at getErrorFromResponseBody (C:\QA\Health-e-Arizona-plus\node_modules\webdriver\build\utils.js:349:10)
                    at Request._callback (C:\QA\Health-e-Arizona-plus\node_modules\webdriver\build\request.js:121:64)
                    at Request.self.callback (C:\QA\Health-e-Arizona-plus\node_modules\request\request.js:185:22)
                    at Request.&lt;anonymous> (C:\QA\Health-e-Arizona-plus\node_modules\request\request.js:1161:10)
                    at IncomingMessage.&lt;anonymous> (C:\QA\Health-e-Arizona-plus\node_modules\request\request.js:1083:12)
                    at Browser.runCommand (C:\QA\Health-e-Arizona-plus\node_modules\@wdio\sync\build\wrapCommand.js:31:24)
                    at Browser.&lt;anonymous> (C:\QA\Health-e-Arizona-plus\node_modules\@wdio\sync\build\wrapCommand.js:53:31)
                    at Browser.findElement (C:\QA\Health-e-Arizona-plus\node_modules\webdriverio\build\utils.js:259:94)
                    at Browser.$ (C:\QA\Health-e-Arizona-plus\node_modules\webdriverio\build\commands\browser\$.js:55:40)
                    at Browser.runCommand (C:\QA\Health-e-Arizona-plus\node_modules\@wdio\sync\build\wrapCommand.js:37:32)
                    at global.$.selector (C:\QA\Health-e-Arizona-plus\node_modules\@wdio\runner\build\index.js:219:36)
                    at Context.$ (C:\QA\Health-e-Arizona-plus\test\body/announcement.js:108:26)
                    at Promise (C:\QA\Health-e-Arizona-plus\node_modules\@wdio\sync\build\index.js:57:22)
                    at Context.executeSync (C:\QA\Health-e-Arizona-plus\node_modules\@wdio\sync\build\index.js:55:10)
                    at C:\QA\Health-e-Arizona-plus\node_modules\@wdio\sync\build\index.js:201:70</stack-trace>
            </failure>
        </test-case>
    </test-cases>
</ns2:test-suite>